<?xml version="1.0" encoding="UTF-8"?>
<!-- Generated by org.testng.reporters.JUnitReportReporter -->
<testsuite hostname="DESKTOP-GQ5M48D" failures="0" tests="1" name="testcasepackage.RegisterAUser" time="20.766" errors="0" timestamp="07 Apr 2018 08:26:24 GMT" skipped="0">
  <testcase classname="testcasepackage.RegisterAUser" name="registerUser" time="20.766"/>
</testsuite> <!-- testcasepackage.RegisterAUser -->
