<?xml version="1.0" encoding="UTF-8"?>
<!-- Generated by org.testng.reporters.JUnitReportReporter -->
<testsuite hostname="DESKTOP-GQ5M48D" failures="0" tests="1" name="testcasepackage.LaunchApplication" time="12.920" errors="0" timestamp="07 Apr 2018 08:26:24 GMT" skipped="0">
  <testcase classname="testcasepackage.LaunchApplication" name="launchApplicationAndClose" time="12.920"/>
</testsuite> <!-- testcasepackage.LaunchApplication -->
